# JRE version: OpenJDK Runtime Environment (17.0.6) (build 17.0.6+0-b2043.56-10027231)
# Java VM: OpenJDK 64-Bit Server VM (17.0.6+0-b2043.56-10027231, mixed mode, tiered, compressed oops, compressed class ptrs, g1 gc, windows-amd64)
GC Precious Log:
 CPUs: 4 total, 4 available
 Memory: 8097M
 Large Page Support: Disabled
 NUMA Support: Disabled
 Compressed Oops: Enabled (32-bit)
 Heap Region Size: 1M
 Heap Min Capacity: 8M
 Heap Initial Capacity: 128M
 Heap Max Capacity: 2G
 Pre-touch: Disabled
 Parallel Workers: 4
 Concurrent Workers: 1
 Concurrent Refinement Workers: 4
 Periodic GC: Disabled
Heap:
 garbage-first heap   total 142336K, used 82152K [0x0000000080000000, 0x0000000100000000)
  region size 1024K, 4 young (4096K), 4 survivors (4096K)
 Metaspace       used 85608K, committed 86208K, reserved 1130496K
  class space    used 11436K, committed 11712K, reserved 1048576K
GC Heap History (20 events):
Event: 27.309 GC heap after
{Heap after GC invocations=38 (full 0):
 garbage-first heap   total 97280K, used 55852K [0x0000000080000000, 0x0000000100000000)
  region size 1024K, 4 young (4096K), 4 survivors (4096K)
 Metaspace       used 68684K, committed 69184K, reserved 1114112K
  class space    used 8906K, committed 9088K, reserved 1048576K
}
Event: 28.223 GC heap before
{Heap before GC invocations=39 (full 0):
 garbage-first heap   total 101376K, used 78380K [0x0000000080000000, 0x0000000100000000)
  region size 1024K, 26 young (26624K), 4 survivors (4096K)
 Metaspace       used 71620K, committed 72064K, reserved 1114112K
  class space    used 9483K, committed 9664K, reserved 1048576K
}
Event: 28.233 GC heap after
{Heap after GC invocations=40 (full 0):
 garbage-first heap   total 101376K, used 57740K [0x0000000080000000, 0x0000000100000000)
  region size 1024K, 4 young (4096K), 4 survivors (4096K)
 Metaspace       used 71620K, committed 72064K, reserved 1114112K
  class space    used 9483K, committed 9664K, reserved 1048576K
}
Event: 29.144 GC heap before
{Heap before GC invocations=40 (full 0):
 garbage-first heap   total 101376K, used 82316K [0x0000000080000000, 0x0000000100000000)
  region size 1024K, 28 young (28672K), 4 survivors (4096K)
 Metaspace       used 74214K, committed 74688K, reserved 1114112K
  class space    used 9884K, committed 10112K, reserved 1048576K
}
Event: 29.153 GC heap after
{Heap after GC invocations=41 (full 0):
 garbage-first heap   total 101376K, used 59601K [0x0000000080000000, 0x0000000100000000)
  region size 1024K, 4 young (4096K), 4 survivors (4096K)
 Metaspace       used 74214K, committed 74688K, reserved 1114112K
  class space    used 9884K, committed 10112K, reserved 1048576K
}
Event: 29.983 GC heap before
{Heap before GC invocations=42 (full 0):
 garbage-first heap   total 111616K, used 82129K [0x0000000080000000, 0x0000000100000000)
  region size 1024K, 26 young (26624K), 4 survivors (4096K)
 Metaspace       used 76794K, committed 77312K, reserved 1122304K
  class space    used 10295K, committed 10560K, reserved 1048576K
}
Event: 29.992 GC heap after
{Heap after GC invocations=43 (full 0):
 garbage-first heap   total 111616K, used 60457K [0x0000000080000000, 0x0000000100000000)
  region size 1024K, 3 young (3072K), 3 survivors (3072K)
 Metaspace       used 76794K, committed 77312K, reserved 1122304K
  class space    used 10295K, committed 10560K, reserved 1048576K
}
Event: 31.160 GC heap before
{Heap before GC invocations=43 (full 0):
 garbage-first heap   total 111616K, used 91177K [0x0000000080000000, 0x0000000100000000)
  region size 1024K, 33 young (33792K), 3 survivors (3072K)
 Metaspace       used 80540K, committed 81024K, reserved 1122304K
  class space    used 10781K, committed 11008K, reserved 1048576K
}
Event: 31.169 GC heap after
{Heap after GC invocations=44 (full 0):
 garbage-first heap   total 134144K, used 63396K [0x0000000080000000, 0x0000000100000000)
  region size 1024K, 4 young (4096K), 4 survivors (4096K)
 Metaspace       used 80540K, committed 81024K, reserved 1122304K
  class space    used 10781K, committed 11008K, reserved 1048576K
}
Event: 32.191 GC heap before
{Heap before GC invocations=45 (full 0):
 garbage-first heap   total 134144K, used 107428K [0x0000000080000000, 0x0000000100000000)
  region size 1024K, 47 young (48128K), 4 survivors (4096K)
 Metaspace       used 81345K, committed 81856K, reserved 1122304K
  class space    used 10887K, committed 11136K, reserved 1048576K
}
Event: 32.208 GC heap after
{Heap after GC invocations=46 (full 0):
 garbage-first heap   total 134144K, used 69922K [0x0000000080000000, 0x0000000100000000)
  region size 1024K, 6 young (6144K), 6 survivors (6144K)
 Metaspace       used 81345K, committed 81856K, reserved 1122304K
  class space    used 10887K, committed 11136K, reserved 1048576K
}
Event: 32.223 GC heap before
{Heap before GC invocations=46 (full 0):
 garbage-first heap   total 134144K, used 70946K [0x0000000080000000, 0x0000000100000000)
  region size 1024K, 7 young (7168K), 6 survivors (6144K)
 Metaspace       used 81345K, committed 81856K, reserved 1122304K
  class space    used 10887K, committed 11136K, reserved 1048576K
}
Event: 32.231 GC heap after
{Heap after GC invocations=47 (full 0):
 garbage-first heap   total 134144K, used 71368K [0x0000000080000000, 0x0000000100000000)
  region size 1024K, 1 young (1024K), 1 survivors (1024K)
 Metaspace       used 81345K, committed 81856K, reserved 1122304K
  class space    used 10887K, committed 11136K, reserved 1048576K
}
Event: 33.773 GC heap before
{Heap before GC invocations=47 (full 0):
 garbage-first heap   total 134144K, used 106184K [0x0000000080000000, 0x0000000100000000)
  region size 1024K, 36 young (36864K), 1 survivors (1024K)
 Metaspace       used 84787K, committed 85312K, reserved 1130496K
  class space    used 11347K, committed 11584K, reserved 1048576K
}
Event: 33.785 GC heap after
{Heap after GC invocations=48 (full 0):
 garbage-first heap   total 134144K, used 76600K [0x0000000080000000, 0x0000000100000000)
  region size 1024K, 5 young (5120K), 5 survivors (5120K)
 Metaspace       used 84787K, committed 85312K, reserved 1130496K
  class space    used 11347K, committed 11584K, reserved 1048576K
}
Event: 34.714 GC heap before
{Heap before GC invocations=49 (full 0):
 garbage-first heap   total 142336K, used 106296K [0x0000000080000000, 0x0000000100000000)
  region size 1024K, 35 young (35840K), 5 survivors (5120K)
 Metaspace       used 85200K, committed 85760K, reserved 1130496K
  class space    used 11400K, committed 11648K, reserved 1048576K
}
Event: 34.725 GC heap after
{Heap after GC invocations=50 (full 0):
 garbage-first heap   total 142336K, used 79395K [0x0000000080000000, 0x0000000100000000)
  region size 1024K, 3 young (3072K), 3 survivors (3072K)
 Metaspace       used 85200K, committed 85760K, reserved 1130496K
  class space    used 11400K, committed 11648K, reserved 1048576K
}
Event: 34.797 GC heap before
{Heap before GC invocations=50 (full 0):
 garbage-first heap   total 142336K, used 81443K [0x0000000080000000, 0x0000000100000000)
  region size 1024K, 6 young (6144K), 3 survivors (3072K)
 Metaspace       used 85200K, committed 85760K, reserved 1130496K
  class space    used 11400K, committed 11648K, reserved 1048576K
}
Event: 34.801 GC heap after
{Heap after GC invocations=51 (full 0):
 garbage-first heap   total 142336K, used 79194K [0x0000000080000000, 0x0000000100000000)
  region size 1024K, 1 young (1024K), 1 survivors (1024K)
 Metaspace       used 85200K, committed 85760K, reserved 1130496K
  class space    used 11400K, committed 11648K, reserved 1048576K
}
Event: 35.782 GC heap before
{Heap before GC invocations=51 (full 0):
 garbage-first heap   total 142336K, used 114010K [0x0000000080000000, 0x0000000100000000)
  region size 1024K, 36 young (36864K), 1 survivors (1024K)
 Metaspace       used 85608K, committed 86208K, reserved 1130496K
  class space    used 11436K, committed 11712K, reserved 1048576K
}

