# JRE version: OpenJDK Runtime Environment (17.0.6) (build 17.0.6+0-b2043.56-10027231)
# Java VM: OpenJDK 64-Bit Server VM (17.0.6+0-b2043.56-10027231, mixed mode, tiered, compressed oops, compressed class ptrs, g1 gc, windows-amd64)
GC Precious Log:
 CPUs: 4 total, 4 available
 Memory: 8097M
 Large Page Support: Disabled
 NUMA Support: Disabled
 Compressed Oops: Enabled (32-bit)
 Heap Region Size: 1M
 Heap Min Capacity: 8M
 Heap Initial Capacity: 128M
 Heap Max Capacity: 2G
 Pre-touch: Disabled
 Parallel Workers: 4
 Concurrent Workers: 1
 Concurrent Refinement Workers: 4
 Periodic GC: Disabled
Heap:
 garbage-first heap   total 111616K, used 86128K [0x0000000080000000, 0x0000000100000000)
  region size 1024K, 29 young (29696K), 4 survivors (4096K)
 Metaspace       used 80772K, committed 81280K, reserved 1122304K
  class space    used 10839K, committed 11072K, reserved 1048576K
GC Heap History (20 events):
Event: 9.214 GC heap before
{Heap before GC invocations=16 (full 0):
 garbage-first heap   total 78848K, used 60774K [0x0000000080000000, 0x0000000100000000)
  region size 1024K, 20 young (20480K), 4 survivors (4096K)
 Metaspace       used 53741K, committed 54080K, reserved 1097728K
  class space    used 7071K, committed 7232K, reserved 1048576K
}
Event: 9.218 GC heap after
{Heap after GC invocations=17 (full 0):
 garbage-first heap   total 95232K, used 45575K [0x0000000080000000, 0x0000000100000000)
  region size 1024K, 1 young (1024K), 1 survivors (1024K)
 Metaspace       used 53741K, committed 54080K, reserved 1097728K
  class space    used 7071K, committed 7232K, reserved 1048576K
}
Event: 10.217 GC heap before
{Heap before GC invocations=18 (full 0):
 garbage-first heap   total 95232K, used 72199K [0x0000000080000000, 0x0000000100000000)
  region size 1024K, 28 young (28672K), 1 survivors (1024K)
 Metaspace       used 59037K, committed 59456K, reserved 1105920K
  class space    used 7677K, committed 7872K, reserved 1048576K
}
Event: 10.222 GC heap after
{Heap after GC invocations=19 (full 0):
 garbage-first heap   total 95232K, used 46656K [0x0000000080000000, 0x0000000100000000)
  region size 1024K, 2 young (2048K), 2 survivors (2048K)
 Metaspace       used 59037K, committed 59456K, reserved 1105920K
  class space    used 7677K, committed 7872K, reserved 1048576K
}
Event: 10.972 GC heap before
{Heap before GC invocations=19 (full 0):
 garbage-first heap   total 95232K, used 73280K [0x0000000080000000, 0x0000000100000000)
  region size 1024K, 29 young (29696K), 2 survivors (2048K)
 Metaspace       used 63500K, committed 63936K, reserved 1105920K
  class space    used 8267K, committed 8448K, reserved 1048576K
}
Event: 10.981 GC heap after
{Heap after GC invocations=20 (full 0):
 garbage-first heap   total 95232K, used 49580K [0x0000000080000000, 0x0000000100000000)
  region size 1024K, 4 young (4096K), 4 survivors (4096K)
 Metaspace       used 63500K, committed 63936K, reserved 1105920K
  class space    used 8267K, committed 8448K, reserved 1048576K
}
Event: 11.482 GC heap before
{Heap before GC invocations=21 (full 0):
 garbage-first heap   total 95232K, used 74156K [0x0000000080000000, 0x0000000100000000)
  region size 1024K, 28 young (28672K), 4 survivors (4096K)
 Metaspace       used 65801K, committed 66304K, reserved 1114112K
  class space    used 8552K, committed 8768K, reserved 1048576K
}
Event: 11.492 GC heap after
{Heap after GC invocations=22 (full 0):
 garbage-first heap   total 95232K, used 51659K [0x0000000080000000, 0x0000000100000000)
  region size 1024K, 2 young (2048K), 2 survivors (2048K)
 Metaspace       used 65801K, committed 66304K, reserved 1114112K
  class space    used 8552K, committed 8768K, reserved 1048576K
}
Event: 11.590 GC heap before
{Heap before GC invocations=22 (full 0):
 garbage-first heap   total 95232K, used 56779K [0x0000000080000000, 0x0000000100000000)
  region size 1024K, 9 young (9216K), 2 survivors (2048K)
 Metaspace       used 66463K, committed 66944K, reserved 1114112K
  class space    used 8615K, committed 8832K, reserved 1048576K
}
Event: 11.594 GC heap after
{Heap after GC invocations=23 (full 0):
 garbage-first heap   total 95232K, used 52328K [0x0000000080000000, 0x0000000100000000)
  region size 1024K, 3 young (3072K), 3 survivors (3072K)
 Metaspace       used 66463K, committed 66944K, reserved 1114112K
  class space    used 8615K, committed 8832K, reserved 1048576K
}
Event: 11.988 GC heap before
{Heap before GC invocations=24 (full 0):
 garbage-first heap   total 99328K, used 76904K [0x0000000080000000, 0x0000000100000000)
  region size 1024K, 26 young (26624K), 3 survivors (3072K)
 Metaspace       used 67261K, committed 67712K, reserved 1114112K
  class space    used 8747K, committed 8960K, reserved 1048576K
}
Event: 11.998 GC heap after
{Heap after GC invocations=25 (full 0):
 garbage-first heap   total 99328K, used 54065K [0x0000000080000000, 0x0000000100000000)
  region size 1024K, 3 young (3072K), 3 survivors (3072K)
 Metaspace       used 67261K, committed 67712K, reserved 1114112K
  class space    used 8747K, committed 8960K, reserved 1048576K
}
Event: 12.359 GC heap before
{Heap before GC invocations=25 (full 0):
 garbage-first heap   total 99328K, used 80689K [0x0000000080000000, 0x0000000100000000)
  region size 1024K, 29 young (29696K), 3 survivors (3072K)
 Metaspace       used 69225K, committed 69696K, reserved 1114112K
  class space    used 9022K, committed 9216K, reserved 1048576K
}
Event: 12.366 GC heap after
{Heap after GC invocations=26 (full 0):
 garbage-first heap   total 99328K, used 56113K [0x0000000080000000, 0x0000000100000000)
  region size 1024K, 4 young (4096K), 4 survivors (4096K)
 Metaspace       used 69225K, committed 69696K, reserved 1114112K
  class space    used 9022K, committed 9216K, reserved 1048576K
}
Event: 12.969 GC heap before
{Heap before GC invocations=27 (full 0):
 garbage-first heap   total 102400K, used 80689K [0x0000000080000000, 0x0000000100000000)
  region size 1024K, 28 young (28672K), 4 survivors (4096K)
 Metaspace       used 72669K, committed 73152K, reserved 1114112K
  class space    used 9667K, committed 9856K, reserved 1048576K
}
Event: 12.981 GC heap after
{Heap after GC invocations=28 (full 0):
 garbage-first heap   total 102400K, used 58000K [0x0000000080000000, 0x0000000100000000)
  region size 1024K, 4 young (4096K), 4 survivors (4096K)
 Metaspace       used 72669K, committed 73152K, reserved 1114112K
  class space    used 9667K, committed 9856K, reserved 1048576K
}
Event: 13.406 GC heap before
{Heap before GC invocations=28 (full 0):
 garbage-first heap   total 102400K, used 82576K [0x0000000080000000, 0x0000000100000000)
  region size 1024K, 29 young (29696K), 4 survivors (4096K)
 Metaspace       used 74909K, committed 75392K, reserved 1114112K
  class space    used 10016K, committed 10240K, reserved 1048576K
}
Event: 13.415 GC heap after
{Heap after GC invocations=29 (full 0):
 garbage-first heap   total 102400K, used 59758K [0x0000000080000000, 0x0000000100000000)
  region size 1024K, 4 young (4096K), 4 survivors (4096K)
 Metaspace       used 74909K, committed 75392K, reserved 1114112K
  class space    used 10016K, committed 10240K, reserved 1048576K
}
Event: 14.176 GC heap before
{Heap before GC invocations=30 (full 0):
 garbage-first heap   total 111616K, used 83310K [0x0000000080000000, 0x0000000100000000)
  region size 1024K, 27 young (27648K), 4 survivors (4096K)
 Metaspace       used 78915K, committed 79360K, reserved 1122304K
  class space    used 10609K, committed 10816K, reserved 1048576K
}
Event: 14.185 GC heap after
{Heap after GC invocations=31 (full 0):
 garbage-first heap   total 111616K, used 61552K [0x0000000080000000, 0x0000000100000000)
  region size 1024K, 4 young (4096K), 4 survivors (4096K)
 Metaspace       used 78915K, committed 79360K, reserved 1122304K
  class space    used 10609K, committed 10816K, reserved 1048576K
}

