# JRE version: OpenJDK Runtime Environment (17.0.6) (build 17.0.6+0-b2043.56-10027231)
# Java VM: OpenJDK 64-Bit Server VM (17.0.6+0-b2043.56-10027231, mixed mode, tiered, compressed oops, compressed class ptrs, g1 gc, windows-amd64)
GC Precious Log:
 CPUs: 4 total, 4 available
 Memory: 8097M
 Large Page Support: Disabled
 NUMA Support: Disabled
 Compressed Oops: Enabled (32-bit)
 Heap Region Size: 1M
 Heap Min Capacity: 8M
 Heap Initial Capacity: 128M
 Heap Max Capacity: 2G
 Pre-touch: Disabled
 Parallel Workers: 4
 Concurrent Workers: 1
 Concurrent Refinement Workers: 4
 Periodic GC: Disabled
Heap:
 garbage-first heap   total 114688K, used 64998K [0x0000000080000000, 0x0000000100000000)
  region size 1024K, 5 young (5120K), 5 survivors (5120K)
 Metaspace       used 81189K, committed 81792K, reserved 1122304K
  class space    used 10881K, committed 11200K, reserved 1048576K
GC Heap History (20 events):
Event: 20.410 GC heap after
{Heap after GC invocations=29 (full 0):
 garbage-first heap   total 80896K, used 46139K [0x0000000080000000, 0x0000000100000000)
  region size 1024K, 2 young (2048K), 2 survivors (2048K)
 Metaspace       used 55950K, committed 56448K, reserved 1105920K
  class space    used 7370K, committed 7616K, reserved 1048576K
}
Event: 21.052 GC heap before
{Heap before GC invocations=30 (full 0):
 garbage-first heap   total 86016K, used 61499K [0x0000000080000000, 0x0000000100000000)
  region size 1024K, 17 young (17408K), 2 survivors (2048K)
 Metaspace       used 59146K, committed 59584K, reserved 1105920K
  class space    used 7673K, committed 7872K, reserved 1048576K
}
Event: 21.057 GC heap after
{Heap after GC invocations=31 (full 0):
 garbage-first heap   total 86016K, used 46809K [0x0000000080000000, 0x0000000100000000)
  region size 1024K, 3 young (3072K), 3 survivors (3072K)
 Metaspace       used 59146K, committed 59584K, reserved 1105920K
  class space    used 7673K, committed 7872K, reserved 1048576K
}
Event: 22.013 GC heap before
{Heap before GC invocations=31 (full 0):
 garbage-first heap   total 86016K, used 65241K [0x0000000080000000, 0x0000000100000000)
  region size 1024K, 21 young (21504K), 3 survivors (3072K)
 Metaspace       used 63008K, committed 63488K, reserved 1105920K
  class space    used 8188K, committed 8384K, reserved 1048576K
}
Event: 22.019 GC heap after
{Heap after GC invocations=32 (full 0):
 garbage-first heap   total 103424K, used 48977K [0x0000000080000000, 0x0000000100000000)
  region size 1024K, 3 young (3072K), 3 survivors (3072K)
 Metaspace       used 63008K, committed 63488K, reserved 1105920K
  class space    used 8188K, committed 8384K, reserved 1048576K
}
Event: 22.970 GC heap before
{Heap before GC invocations=33 (full 0):
 garbage-first heap   total 103424K, used 76625K [0x0000000080000000, 0x0000000100000000)
  region size 1024K, 31 young (31744K), 3 survivors (3072K)
 Metaspace       used 65478K, committed 65920K, reserved 1105920K
  class space    used 8492K, committed 8704K, reserved 1048576K
}
Event: 22.980 GC heap after
{Heap after GC invocations=34 (full 0):
 garbage-first heap   total 103424K, used 51438K [0x0000000080000000, 0x0000000100000000)
  region size 1024K, 4 young (4096K), 4 survivors (4096K)
 Metaspace       used 65478K, committed 65920K, reserved 1105920K
  class space    used 8492K, committed 8704K, reserved 1048576K
}
Event: 23.315 GC heap before
{Heap before GC invocations=34 (full 0):
 garbage-first heap   total 103424K, used 61678K [0x0000000080000000, 0x0000000100000000)
  region size 1024K, 15 young (15360K), 4 survivors (4096K)
 Metaspace       used 66513K, committed 66880K, reserved 1114112K
  class space    used 8606K, committed 8768K, reserved 1048576K
}
Event: 23.322 GC heap after
{Heap after GC invocations=35 (full 0):
 garbage-first heap   total 103424K, used 52971K [0x0000000080000000, 0x0000000100000000)
  region size 1024K, 2 young (2048K), 2 survivors (2048K)
 Metaspace       used 66513K, committed 66880K, reserved 1114112K
  class space    used 8606K, committed 8768K, reserved 1048576K
}
Event: 23.983 GC heap before
{Heap before GC invocations=36 (full 0):
 garbage-first heap   total 103424K, used 80619K [0x0000000080000000, 0x0000000100000000)
  region size 1024K, 28 young (28672K), 2 survivors (2048K)
 Metaspace       used 67315K, committed 67776K, reserved 1114112K
  class space    used 8739K, committed 8960K, reserved 1048576K
}
Event: 23.988 GC heap after
{Heap after GC invocations=37 (full 0):
 garbage-first heap   total 103424K, used 54651K [0x0000000080000000, 0x0000000100000000)
  region size 1024K, 3 young (3072K), 3 survivors (3072K)
 Metaspace       used 67315K, committed 67776K, reserved 1114112K
  class space    used 8739K, committed 8960K, reserved 1048576K
}
Event: 24.835 GC heap before
{Heap before GC invocations=37 (full 0):
 garbage-first heap   total 103424K, used 81275K [0x0000000080000000, 0x0000000100000000)
  region size 1024K, 29 young (29696K), 3 survivors (3072K)
 Metaspace       used 69626K, committed 70080K, reserved 1114112K
  class space    used 9064K, committed 9280K, reserved 1048576K
}
Event: 24.845 GC heap after
{Heap after GC invocations=38 (full 0):
 garbage-first heap   total 103424K, used 56796K [0x0000000080000000, 0x0000000100000000)
  region size 1024K, 3 young (3072K), 3 survivors (3072K)
 Metaspace       used 69626K, committed 70080K, reserved 1114112K
  class space    used 9064K, committed 9280K, reserved 1048576K
}
Event: 25.792 GC heap before
{Heap before GC invocations=39 (full 0):
 garbage-first heap   total 104448K, used 80348K [0x0000000080000000, 0x0000000100000000)
  region size 1024K, 27 young (27648K), 3 survivors (3072K)
 Metaspace       used 72982K, committed 73472K, reserved 1114112K
  class space    used 9694K, committed 9920K, reserved 1048576K
}
Event: 25.800 GC heap after
{Heap after GC invocations=40 (full 0):
 garbage-first heap   total 104448K, used 58331K [0x0000000080000000, 0x0000000100000000)
  region size 1024K, 4 young (4096K), 4 survivors (4096K)
 Metaspace       used 72982K, committed 73472K, reserved 1114112K
  class space    used 9694K, committed 9920K, reserved 1048576K
}
Event: 26.583 GC heap before
{Heap before GC invocations=40 (full 0):
 garbage-first heap   total 104448K, used 82907K [0x0000000080000000, 0x0000000100000000)
  region size 1024K, 29 young (29696K), 4 survivors (4096K)
 Metaspace       used 75067K, committed 75520K, reserved 1114112K
  class space    used 10021K, committed 10240K, reserved 1048576K
}
Event: 26.592 GC heap after
{Heap after GC invocations=41 (full 0):
 garbage-first heap   total 104448K, used 60324K [0x0000000080000000, 0x0000000100000000)
  region size 1024K, 4 young (4096K), 4 survivors (4096K)
 Metaspace       used 75067K, committed 75520K, reserved 1114112K
  class space    used 10021K, committed 10240K, reserved 1048576K
}
Event: 27.419 GC heap before
{Heap before GC invocations=42 (full 0):
 garbage-first heap   total 114688K, used 83876K [0x0000000080000000, 0x0000000100000000)
  region size 1024K, 27 young (27648K), 4 survivors (4096K)
 Metaspace       used 77714K, committed 78208K, reserved 1122304K
  class space    used 10404K, committed 10624K, reserved 1048576K
}
Event: 27.427 GC heap after
{Heap after GC invocations=43 (full 0):
 garbage-first heap   total 114688K, used 61812K [0x0000000080000000, 0x0000000100000000)
  region size 1024K, 4 young (4096K), 4 survivors (4096K)
 Metaspace       used 77714K, committed 78208K, reserved 1122304K
  class space    used 10404K, committed 10624K, reserved 1048576K
}
Event: 28.609 GC heap before
{Heap before GC invocations=43 (full 0):
 garbage-first heap   total 114688K, used 92532K [0x0000000080000000, 0x0000000100000000)
  region size 1024K, 34 young (34816K), 4 survivors (4096K)
 Metaspace       used 81189K, committed 81792K, reserved 1122304K
  class space    used 10881K, committed 11200K, reserved 1048576K
}

